#
# A fatal error has been detected by the Java Runtime Environment:
#
#  Internal Error (safepoint.cpp:318), pid=23202, tid=1837103936
#  guarantee(PageArmed == 0) failed: invariant
#
# JRE version: Java(TM) SE Runtime Environment (7.0_60-b19) (build 1.7.0_60-b19)
# Java VM: Java HotSpot(TM) Server VM (24.60-b09 mixed mode linux-x86 )
# Failed to write core dump. Core dumps have been disabled. To enable core dumping, try "ulimit -c unlimited" before starting Java again
#
# If you would like to submit a bug report, please visit:
#   http://bugreport.sun.com/bugreport/crash.jsp
#

---------------  T H R E A D  ---------------

Current thread (0x6d810800):  VMThread [stack: 0x6d77f000,0x6d800000] [id=23212]

Stack: [0x6d77f000,0x6d800000],  sp=0x6d7fef10,  free space=511k
Native frames: (J=compiled Java code, j=interpreted, Vv=VM code, C=native code)
V  [libjvm.so+0x7e67e6]  VMError::report_and_die()+0x1a6
V  [libjvm.so+0x33d6a9]  report_vm_error(char const*, int, char const*, char const*)+0x49
V  [libjvm.so+0x708719]  SafepointSynchronize::begin()+0x829
V  [libjvm.so+0x7ef2ce]  VMThread::loop()+0x19e
V  [libjvm.so+0x7ef745]  VMThread::run()+0x85
V  [libjvm.so+0x686e19]  java_start(Thread*)+0x119
C  [libpthread.so.0+0x6d4c]  start_thread+0xcc

VM_Operation (0x6d6398ec): ChangeSingleStep, mode: safepoint, requested by thread 0x6d84dc00


---------------  P R O C E S S  ---------------

Java Threads: ( => current thread )
  0x6d84dc00 JavaThread "SIGTERM handler" daemon [_thread_in_vm, id=24446, stack(0x6d5ea000,0x6d63b000)]
  0x6d83d400 JavaThread "Service Thread" daemon [_thread_blocked, id=23226, stack(0x6d497000,0x6d4e8000)]
  0x6d832c00 JavaThread "C2 CompilerThread1" daemon [_thread_blocked, id=23225, stack(0x6d4e8000,0x6d569000)]
  0x6d830c00 JavaThread "C2 CompilerThread0" daemon [_thread_blocked, id=23224, stack(0x6d569000,0x6d5ea000)]
  0x6d82f000 JavaThread "JDWP Event Helper Thread" daemon [_thread_blocked, id=23220, stack(0x6d63b000,0x6d68c000)]
  0x6d82c800 JavaThread "JDWP Transport Listener: dt_socket" daemon [_thread_blocked, id=23217, stack(0x6d68c000,0x6d6dd000)]
  0x6d823c00 JavaThread "Signal Dispatcher" daemon [_thread_blocked, id=23215, stack(0x6d92b000,0x6d97c000)]
  0x6d814800 JavaThread "Finalizer" daemon [_thread_blocked, id=23214, stack(0x6d6dd000,0x6d72e000)]
  0x6d813000 JavaThread "Reference Handler" daemon [_thread_blocked, id=23213, stack(0x6d72e000,0x6d77f000)]
  0xb6708c00 JavaThread "main" [_thread_in_Java, id=23204, stack(0xb680c000,0xb685d000)]

Other Threads:
=>0x6d810800 VMThread [stack: 0x6d77f000,0x6d800000] [id=23212]

VM state:synchronizing (normal execution)

VM Mutex/Monitor currently owned by a thread:  ([mutex/lock_event])
[0xb67063e8] Safepoint_lock - owner thread: 0x6d810800
[0xb6706450] Threads_lock - owner thread: 0x6d810800
[0xb6706ba0] JvmtiThreadState_lock - owner thread: 0x6d84dc00

Heap
 PSYoungGen      total 18944K, used 1311K [0x9e440000, 0x9f940000, 0xb3240000)
  eden space 16384K, 8% used [0x9e440000,0x9e587c80,0x9f440000)
  from space 2560K, 0% used [0x9f6c0000,0x9f6c0000,0x9f940000)
  to   space 2560K, 0% used [0x9f440000,0x9f440000,0x9f6c0000)
 ParOldGen       total 42752K, used 0K [0x74840000, 0x77200000, 0x9e440000)
  object space 42752K, 0% used [0x74840000,0x74840000,0x77200000)
 PSPermGen       total 16384K, used 1671K [0x70840000, 0x71840000, 0x74840000)
  object space 16384K, 10% used [0x70840000,0x709e1f08,0x71840000)

Card table byte_map: [0x7062a000,0x70840000] byte_map_base: 0x702a5e00

Polling page: 0xb7777000

Code Cache  [0xb330c000, 0xb354c000, 0xb630c000)
 total_blobs=88 nmethods=0 adapters=66 free_code_cache=48865Kb largest_free_block=50038720

Compilation events (0 events):
No events

GC Heap History (0 events):
No events

Deoptimization events (0 events):
No events

Internal exceptions (5 events):
Event: 0.031 Thread 0xb6708c00 Threw 0x9e44f7f0 at /HUDSON/workspace/7u-2-build-linux-i586/jdk7u60/1081/hotspot/src/share/vm/prims/jni.cpp:3991
Event: 0.148 Thread 0xb6708c00 Threw 0x9e485d98 at /HUDSON/workspace/7u-2-build-linux-i586/jdk7u60/1081/hotspot/src/share/vm/prims/jvm.cpp:1244
Event: 0.154 Thread 0xb6708c00 Threw 0x9e48b010 at /HUDSON/workspace/7u-2-build-linux-i586/jdk7u60/1081/hotspot/src/share/vm/prims/jvm.cpp:1244
Event: 0.154 Thread 0xb6708c00 Threw 0x9e48d5f0 at /HUDSON/workspace/7u-2-build-linux-i586/jdk7u60/1081/hotspot/src/share/vm/prims/jvm.cpp:1244
Event: 0.156 Thread 0xb6708c00 Threw 0x9e491bf0 at /HUDSON/workspace/7u-2-build-linux-i586/jdk7u60/1081/hotspot/src/share/vm/interpreter/interpreterRuntime.cpp:347

Events (10 events):
Event: 1259.473 Executing VM operation: ChangeSingleStep done
Event: 1280.566 Thread 0x09d36800 Thread exited: 0x09d36800
Event: 2803.170 loading class 0x70261fd0
Event: 2803.171 loading class 0x70261fd0 done
Event: 2803.172 Thread 0x6d84dc00 Thread added: 0x6d84dc00
Event: 2803.175 loading class 0x70224438
Event: 2803.175 loading class 0x70224438 done
Event: 2803.175 loading class 0x70275328
Event: 2803.175 loading class 0x70275328 done
Event: 2803.176 Executing VM operation: ChangeSingleStep


Dynamic libraries:
08048000-08049000 r-xp 00000000 08:01 5254698    /usr/lib/jvm/java-7-oracle/bin/java
08049000-0804a000 rw-p 00000000 08:01 5254698    /usr/lib/jvm/java-7-oracle/bin/java
09d35000-09d56000 rw-p 00000000 00:00 0          [heap]
6d1fb000-6d416000 rw-p 00000000 00:00 0 
6d416000-6d417000 ---p 00000000 00:00 0 
6d417000-6d497000 rw-p 00000000 00:00 0 
6d497000-6d49a000 ---p 00000000 00:00 0 
6d49a000-6d4e8000 rw-p 00000000 00:00 0 
6d4e8000-6d4eb000 ---p 00000000 00:00 0 
6d4eb000-6d569000 rw-p 00000000 00:00 0 
6d569000-6d56c000 ---p 00000000 00:00 0 
6d56c000-6d5ea000 rw-p 00000000 00:00 0 
6d5ea000-6d5ed000 ---p 00000000 00:00 0 
6d5ed000-6d63b000 rw-p 00000000 00:00 0 
6d63b000-6d63e000 ---p 00000000 00:00 0 
6d63e000-6d68c000 rw-p 00000000 00:00 0 
6d68c000-6d68f000 ---p 00000000 00:00 0 
6d68f000-6d6dd000 rw-p 00000000 00:00 0 
6d6dd000-6d6e0000 ---p 00000000 00:00 0 
6d6e0000-6d72e000 rw-p 00000000 00:00 0 
6d72e000-6d731000 ---p 00000000 00:00 0 
6d731000-6d77f000 rw-p 00000000 00:00 0 
6d77f000-6d780000 ---p 00000000 00:00 0 
6d780000-6d800000 rw-p 00000000 00:00 0 
6d800000-6d84f000 rw-p 00000000 00:00 0 
6d84f000-6d900000 ---p 00000000 00:00 0 
6d92b000-6d92e000 ---p 00000000 00:00 0 
6d92e000-6d9c7000 rw-p 00000000 00:00 0 
6d9c7000-6db86000 r--s 039e2000 08:01 5254807    /usr/lib/jvm/java-7-oracle/jre/lib/rt.jar
6db86000-70100000 rw-p 00000000 00:00 0 
70100000-70121000 rw-p 00000000 00:00 0 
70121000-70200000 ---p 00000000 00:00 0 
70224000-7027f000 rw-p 00000000 00:00 0 
7027f000-70280000 ---p 00000000 00:00 0 
70280000-70300000 rw-p 00000000 00:00 0 
70300000-70321000 rw-p 00000000 00:00 0 
70321000-70400000 ---p 00000000 00:00 0 
70422000-7043b000 rw-p 00000000 00:00 0 
7043b000-7043c000 ---p 00000000 00:00 0 
7043c000-704c4000 rw-p 00000000 00:00 0 
704c4000-704dc000 rw-p 00000000 00:00 0 
704dc000-704f1000 rw-p 00000000 00:00 0 
704f1000-7062a000 rw-p 00000000 00:00 0 
7062a000-70632000 rw-p 00000000 00:00 0 
70632000-7064a000 rw-p 00000000 00:00 0 
7064a000-7065f000 rw-p 00000000 00:00 0 
7065f000-70798000 rw-p 00000000 00:00 0 
70798000-707a3000 rw-p 00000000 00:00 0 
707a3000-7083f000 rw-p 00000000 00:00 0 
7083f000-71840000 rw-p 00000000 00:00 0 
71840000-74840000 rw-p 00000000 00:00 0 
74840000-77200000 rw-p 00000000 00:00 0 
77200000-9e440000 rw-p 00000000 00:00 0 
9e440000-9f940000 rw-p 00000000 00:00 0 
9f940000-b3240000 rw-p 00000000 00:00 0 
b324c000-b3255000 rw-p 00000000 00:00 0 
b3255000-b330c000 rw-p 00000000 00:00 0 
b330c000-b354c000 rwxp 00000000 00:00 0 
b354c000-b630c000 rw-p 00000000 00:00 0 
b630c000-b6323000 r-xp 00000000 08:01 5513665    /usr/lib/jvm/java-7-oracle/jre/lib/i386/libzip.so
b6323000-b6324000 rw-p 00017000 08:01 5513665    /usr/lib/jvm/java-7-oracle/jre/lib/i386/libzip.so
b6324000-b632f000 r-xp 00000000 08:01 4855342    /lib/i386-linux-gnu/libnss_files-2.15.so
b632f000-b6330000 r--p 0000a000 08:01 4855342    /lib/i386-linux-gnu/libnss_files-2.15.so
b6330000-b6331000 rw-p 0000b000 08:01 4855342    /lib/i386-linux-gnu/libnss_files-2.15.so
b6331000-b633b000 r-xp 00000000 08:01 4855341    /lib/i386-linux-gnu/libnss_nis-2.15.so
b633b000-b633c000 r--p 00009000 08:01 4855341    /lib/i386-linux-gnu/libnss_nis-2.15.so
b633c000-b633d000 rw-p 0000a000 08:01 4855341    /lib/i386-linux-gnu/libnss_nis-2.15.so
b633d000-b6353000 r-xp 00000000 08:01 4855328    /lib/i386-linux-gnu/libnsl-2.15.so
b6353000-b6354000 r--p 00015000 08:01 4855328    /lib/i386-linux-gnu/libnsl-2.15.so
b6354000-b6355000 rw-p 00016000 08:01 4855328    /lib/i386-linux-gnu/libnsl-2.15.so
b6355000-b6357000 rw-p 00000000 00:00 0 
b6357000-b635e000 r-xp 00000000 08:01 4855343    /lib/i386-linux-gnu/libnss_compat-2.15.so
b635e000-b635f000 r--p 00006000 08:01 4855343    /lib/i386-linux-gnu/libnss_compat-2.15.so
b635f000-b6360000 rw-p 00007000 08:01 4855343    /lib/i386-linux-gnu/libnss_compat-2.15.so
b6366000-b6369000 r-xp 00000000 08:01 5513608    /usr/lib/jvm/java-7-oracle/jre/lib/i386/libdt_socket.so
b6369000-b636a000 rw-p 00003000 08:01 5513608    /usr/lib/jvm/java-7-oracle/jre/lib/i386/libdt_socket.so
b636a000-b6372000 rw-s 00000000 08:01 3670160    /tmp/hsperfdata_tsveta/23202
b6372000-b64a4000 r--p 002cb000 08:01 5117611    /usr/lib/locale/locale-archive
b64a4000-b66a4000 r--p 00000000 08:01 5117611    /usr/lib/locale/locale-archive
b66a4000-b66db000 r-xp 00000000 08:01 5513660    /usr/lib/jvm/java-7-oracle/jre/lib/i386/libjdwp.so
b66db000-b66dc000 rw-p 00037000 08:01 5513660    /usr/lib/jvm/java-7-oracle/jre/lib/i386/libjdwp.so
b66dc000-b66ff000 r-xp 00000000 08:01 5513673    /usr/lib/jvm/java-7-oracle/jre/lib/i386/libjava.so
b66ff000-b6700000 rw-p 00023000 08:01 5513673    /usr/lib/jvm/java-7-oracle/jre/lib/i386/libjava.so
b6700000-b67f4000 rw-p 00000000 00:00 0 
b67f4000-b6800000 ---p 00000000 00:00 0 
b6802000-b6803000 rw-p 00000000 00:00 0 
b6803000-b680a000 r-xp 00000000 08:01 4855336    /lib/i386-linux-gnu/librt-2.15.so
b680a000-b680b000 r--p 00006000 08:01 4855336    /lib/i386-linux-gnu/librt-2.15.so
b680b000-b680c000 rw-p 00007000 08:01 4855336    /lib/i386-linux-gnu/librt-2.15.so
b680c000-b680f000 ---p 00000000 00:00 0 
b680f000-b685d000 rw-p 00000000 00:00 0 
b685d000-b6887000 r-xp 00000000 08:01 4855340    /lib/i386-linux-gnu/libm-2.15.so
b6887000-b6888000 r--p 00029000 08:01 4855340    /lib/i386-linux-gnu/libm-2.15.so
b6888000-b6889000 rw-p 0002a000 08:01 4855340    /lib/i386-linux-gnu/libm-2.15.so
b6889000-b710b000 r-xp 00000000 08:01 5513624    /usr/lib/jvm/java-7-oracle/jre/lib/i386/server/libjvm.so
b710b000-b716f000 rw-p 00882000 08:01 5513624    /usr/lib/jvm/java-7-oracle/jre/lib/i386/server/libjvm.so
b716f000-b7593000 rw-p 00000000 00:00 0 
b7593000-b7737000 r-xp 00000000 08:01 4855345    /lib/i386-linux-gnu/libc-2.15.so
b7737000-b7739000 r--p 001a4000 08:01 4855345    /lib/i386-linux-gnu/libc-2.15.so
b7739000-b773a000 rw-p 001a6000 08:01 4855345    /lib/i386-linux-gnu/libc-2.15.so
b773a000-b773d000 rw-p 00000000 00:00 0 
b773d000-b7740000 r-xp 00000000 08:01 4855344    /lib/i386-linux-gnu/libdl-2.15.so
b7740000-b7741000 r--p 00002000 08:01 4855344    /lib/i386-linux-gnu/libdl-2.15.so
b7741000-b7742000 rw-p 00003000 08:01 4855344    /lib/i386-linux-gnu/libdl-2.15.so
b7742000-b7755000 r-xp 00000000 08:01 5119080    /usr/lib/jvm/java-7-oracle/lib/i386/jli/libjli.so
b7755000-b7756000 rw-p 00012000 08:01 5119080    /usr/lib/jvm/java-7-oracle/lib/i386/jli/libjli.so
b7756000-b7757000 rw-p 00000000 00:00 0 
b7757000-b776e000 r-xp 00000000 08:01 4855334    /lib/i386-linux-gnu/libpthread-2.15.so
b776e000-b776f000 r--p 00016000 08:01 4855334    /lib/i386-linux-gnu/libpthread-2.15.so
b776f000-b7770000 rw-p 00017000 08:01 4855334    /lib/i386-linux-gnu/libpthread-2.15.so
b7770000-b7773000 rw-p 00000000 00:00 0 
b7773000-b7775000 r-xp 00000000 08:01 5513703    /usr/lib/jvm/java-7-oracle/jre/lib/i386/libnpt.so
b7775000-b7776000 rw-p 00002000 08:01 5513703    /usr/lib/jvm/java-7-oracle/jre/lib/i386/libnpt.so
b7776000-b7777000 rw-p 00000000 00:00 0 
b7777000-b7778000 ---p 00000000 00:00 0 
b7778000-b7783000 r-xp 00000000 08:01 5513823    /usr/lib/jvm/java-7-oracle/jre/lib/i386/libverify.so
b7783000-b7784000 rw-p 0000b000 08:01 5513823    /usr/lib/jvm/java-7-oracle/jre/lib/i386/libverify.so
b7784000-b7786000 rw-p 00000000 00:00 0 
b7786000-b7787000 r-xp 00000000 00:00 0          [vdso]
b7787000-b77a7000 r-xp 00000000 08:01 4855335    /lib/i386-linux-gnu/ld-2.15.so
b77a7000-b77a8000 r--p 0001f000 08:01 4855335    /lib/i386-linux-gnu/ld-2.15.so
b77a8000-b77a9000 rw-p 00020000 08:01 4855335    /lib/i386-linux-gnu/ld-2.15.so
bfe49000-bfe4a000 rwxp 00000000 00:00 0 
bfe7c000-bfe9d000 rw-p 00000000 00:00 0          [stack]

VM Arguments:
jvm_args: -agentlib:jdwp=transport=dt_socket,suspend=y,address=localhost:40687 -Dfile.encoding=UTF-8 
java_command: com.hackbulgaria.java.Main
Launcher Type: SUN_STANDARD

Environment Variables:
PATH=/usr/lib/lightdm/lightdm:/usr/local/sbin:/usr/local/bin:/usr/sbin:/usr/bin:/sbin:/bin:/usr/games
LD_LIBRARY_PATH=/usr/lib/jvm/java-7-oracle/jre/lib/i386/server:/usr/lib/jvm/java-7-oracle/jre/lib/i386:/usr/lib/jvm/java-7-oracle/jre/../lib/i386:/usr/lib/jvm/java-7-oracle/jre/lib/i386/client:/usr/lib/jvm/java-7-oracle/jre/lib/i386:
SHELL=/bin/bash
DISPLAY=:0

Signal Handlers:
SIGSEGV: [libjvm.so+0x7e7300], sa_mask[0]=0x7ffbfeff, sa_flags=0x10000004
SIGBUS: [libjvm.so+0x7e7300], sa_mask[0]=0x7ffbfeff, sa_flags=0x10000004
SIGFPE: [libjvm.so+0x6816f0], sa_mask[0]=0x7ffbfeff, sa_flags=0x10000004
SIGPIPE: [libjvm.so+0x6816f0], sa_mask[0]=0x7ffbfeff, sa_flags=0x10000004
SIGXFSZ: [libjvm.so+0x6816f0], sa_mask[0]=0x7ffbfeff, sa_flags=0x10000004
SIGILL: [libjvm.so+0x6816f0], sa_mask[0]=0x7ffbfeff, sa_flags=0x10000004
SIGUSR1: SIG_DFL, sa_mask[0]=0x00000000, sa_flags=0x00000000
SIGUSR2: [libjvm.so+0x682ef0], sa_mask[0]=0x00000004, sa_flags=0x10000004
SIGHUP: [libjvm.so+0x6841f0], sa_mask[0]=0x7ffbfeff, sa_flags=0x10000004
SIGINT: [libjvm.so+0x6841f0], sa_mask[0]=0x7ffbfeff, sa_flags=0x10000004
SIGTERM: [libjvm.so+0x6841f0], sa_mask[0]=0x7ffbfeff, sa_flags=0x10000004
SIGQUIT: [libjvm.so+0x6841f0], sa_mask[0]=0x7ffbfeff, sa_flags=0x10000004


---------------  S Y S T E M  ---------------

OS:wheezy/sid

uname:Linux 3.2.0-65-generic-pae #99-Ubuntu SMP Fri Jul 4 21:17:05 UTC 2014 i686
libc:glibc 2.15 NPTL 2.15 
rlimit: STACK 8192k, CORE 0k, NPROC 31856, NOFILE 4096, AS infinity
load average:2.02 2.06 1.79

/proc/meminfo:
MemTotal:        4097452 kB
MemFree:          326472 kB
Buffers:          261328 kB
Cached:          2516764 kB
SwapCached:           12 kB
Active:          1654376 kB
Inactive:        2004748 kB
Active(anon):     785532 kB
Inactive(anon):   123388 kB
Active(file):     868844 kB
Inactive(file):  1881360 kB
Unevictable:          16 kB
Mlocked:              16 kB
HighTotal:       3258900 kB
HighFree:          40480 kB
LowTotal:         838552 kB
LowFree:          285992 kB
SwapTotal:       3998716 kB
SwapFree:        3998580 kB
Dirty:                92 kB
Writeback:             0 kB
AnonPages:        881176 kB
Mapped:           191736 kB
Shmem:             27724 kB
Slab:              72408 kB
SReclaimable:      52496 kB
SUnreclaim:        19912 kB
KernelStack:        4192 kB
PageTables:        13924 kB
NFS_Unstable:          0 kB
Bounce:                0 kB
WritebackTmp:          0 kB
CommitLimit:     6047440 kB
Committed_AS:    3901584 kB
VmallocTotal:     122880 kB
VmallocUsed:       14032 kB
VmallocChunk:     107608 kB
HardwareCorrupted:     0 kB
AnonHugePages:         0 kB
HugePages_Total:       0
HugePages_Free:        0
HugePages_Rsvd:        0
HugePages_Surp:        0
Hugepagesize:       2048 kB
DirectMap4k:        8184 kB
DirectMap2M:      905216 kB


CPU:total 2 (2 cores per cpu, 1 threads per core) family 6 model 42 stepping 7, cmov, cx8, fxsr, mmx, sse, sse2, sse3, ssse3, sse4.1, sse4.2, popcnt, tsc, tscinvbit

/proc/cpuinfo:
processor	: 0
vendor_id	: GenuineIntel
cpu family	: 6
model		: 42
model name	: Intel(R) Pentium(R) CPU B970 @ 2.30GHz
stepping	: 7
microcode	: 0x23
cpu MHz		: 1200.000
cache size	: 2048 KB
physical id	: 0
siblings	: 2
core id		: 0
cpu cores	: 2
apicid		: 0
initial apicid	: 0
fdiv_bug	: no
hlt_bug		: no
f00f_bug	: no
coma_bug	: no
fpu		: yes
fpu_exception	: yes
cpuid level	: 13
wp		: yes
flags		: fpu vme de pse tsc msr pae mce cx8 apic sep mtrr pge mca cmov pat pse36 clflush dts acpi mmx fxsr sse sse2 ss ht tm pbe nx rdtscp lm constant_tsc arch_perfmon pebs bts xtopology nonstop_tsc aperfmperf pni pclmulqdq dtes64 monitor ds_cpl est tm2 ssse3 cx16 xtpr pdcm pcid sse4_1 sse4_2 x2apic popcnt tsc_deadline_timer xsave lahf_lm arat epb xsaveopt pln pts dtherm
bogomips	: 4589.96
clflush size	: 64
cache_alignment	: 64
address sizes	: 36 bits physical, 48 bits virtual
power management:

processor	: 1
vendor_id	: GenuineIntel
cpu family	: 6
model		: 42
model name	: Intel(R) Pentium(R) CPU B970 @ 2.30GHz
stepping	: 7
microcode	: 0x23
cpu MHz		: 2300.000
cache size	: 2048 KB
physical id	: 0
siblings	: 2
core id		: 1
cpu cores	: 2
apicid		: 2
initial apicid	: 2
fdiv_bug	: no
hlt_bug		: no
f00f_bug	: no
coma_bug	: no
fpu		: yes
fpu_exception	: yes
cpuid level	: 13
wp		: yes
flags		: fpu vme de pse tsc msr pae mce cx8 apic sep mtrr pge mca cmov pat pse36 clflush dts acpi mmx fxsr sse sse2 ss ht tm pbe nx rdtscp lm constant_tsc arch_perfmon pebs bts xtopology nonstop_tsc aperfmperf pni pclmulqdq dtes64 monitor ds_cpl est tm2 ssse3 cx16 xtpr pdcm pcid sse4_1 sse4_2 x2apic popcnt tsc_deadline_timer xsave lahf_lm arat epb xsaveopt pln pts dtherm
bogomips	: 4589.37
clflush size	: 64
cache_alignment	: 64
address sizes	: 36 bits physical, 48 bits virtual
power management:



Memory: 4k page, physical 4097452k(326472k free), swap 3998716k(3998580k free)

vm_info: Java HotSpot(TM) Server VM (24.60-b09) for linux-x86 JRE (1.7.0_60-b19), built on May  7 2014 13:42:18 by "java_re" with gcc 4.3.0 20080428 (Red Hat 4.3.0-8)

time: Sat Jul 12 15:10:19 2014
elapsed time: 3970 seconds

